D:\编译\COMPILER\COMPILER\DEBUG\TEST1.OBJ
D:\编译\COMPILER\COMPILER\DEBUG\TEST2.OBJ
D:\编译\COMPILER\COMPILER\DEBUG\VC110.PDB
D:\编译\COMPILER\COMPILER\DEBUG\GETSYM.OBJ
D:\编译\COMPILER\COMPILER\DEBUG\SUP_GETSYM.OBJ
D:\编译\COMPILER\COMPILER\DEBUG\ERROR.OBJ
D:\编译\COMPILER\COMPILER\DEBUG\GETSYM_PRIVATE.OBJ
D:\编译\COMPILER\COMPILER\DEBUG\GENCODE.OBJ
D:\编译\COMPILER\COMPILER\DEBUG\TABLE.OBJ
D:\编译\COMPILER\COMPILER\DEBUG\YUFA.OBJ
D:\编译\COMPILER\COMPILER\DEBUG\INTERPRET.OBJ
D:\编译\COMPILER\COMPILER\DEBUG\SYNTAX.OBJ
D:\编译\COMPILER\DEBUG\COMPILER.ILK
D:\编译\COMPILER\DEBUG\COMPILER.EXE
D:\编译\COMPILER\DEBUG\COMPILER.PDB
D:\编译\Compiler\Compiler\Debug\error.obj
D:\编译\Compiler\Compiler\Debug\gencode.obj
D:\编译\Compiler\Compiler\Debug\getsym.obj
D:\编译\Compiler\Compiler\Debug\getsym_private.obj
D:\编译\Compiler\Compiler\Debug\interpret.obj
D:\编译\Compiler\Compiler\Debug\sup_getsym.obj
D:\编译\Compiler\Compiler\Debug\syntax.obj
D:\编译\Compiler\Compiler\Debug\table.obj
D:\编译\Compiler\Compiler\Debug\test1.obj
D:\编译\Compiler\Compiler\Debug\test2.obj
D:\编译\Compiler\Compiler\Debug\yufa.obj
D:\编译\Compiler\Compiler\Debug\cl.command.1.tlog
D:\编译\Compiler\Compiler\Debug\CL.read.1.tlog
D:\编译\Compiler\Compiler\Debug\CL.write.1.tlog
D:\编译\Compiler\Compiler\Debug\link-cvtres.read.1.tlog
D:\编译\Compiler\Compiler\Debug\link-cvtres.write.1.tlog
D:\编译\Compiler\Compiler\Debug\link-rc.read.1.tlog
D:\编译\Compiler\Compiler\Debug\link-rc.write.1.tlog
D:\编译\Compiler\Compiler\Debug\link.1848-cvtres.read.1.tlog
D:\编译\Compiler\Compiler\Debug\link.1848-cvtres.write.1.tlog
D:\编译\Compiler\Compiler\Debug\link.1848-rc.read.1.tlog
D:\编译\Compiler\Compiler\Debug\link.1848-rc.write.1.tlog
D:\编译\Compiler\Compiler\Debug\link.1848.read.1.tlog
D:\编译\Compiler\Compiler\Debug\link.1848.write.1.tlog
D:\编译\Compiler\Compiler\Debug\link.1916-cvtres.read.1.tlog
D:\编译\Compiler\Compiler\Debug\link.1916-cvtres.write.1.tlog
D:\编译\Compiler\Compiler\Debug\link.1916-rc.read.1.tlog
D:\编译\Compiler\Compiler\Debug\link.1916-rc.write.1.tlog
D:\编译\Compiler\Compiler\Debug\link.1916.read.1.tlog
D:\编译\Compiler\Compiler\Debug\link.1916.write.1.tlog
D:\编译\Compiler\Compiler\Debug\link.2500-cvtres.read.1.tlog
D:\编译\Compiler\Compiler\Debug\link.2500-cvtres.write.1.tlog
D:\编译\Compiler\Compiler\Debug\link.2500-rc.read.1.tlog
D:\编译\Compiler\Compiler\Debug\link.2500-rc.write.1.tlog
D:\编译\Compiler\Compiler\Debug\link.2500.read.1.tlog
D:\编译\Compiler\Compiler\Debug\link.2500.write.1.tlog
D:\编译\Compiler\Compiler\Debug\link.2804-cvtres.read.1.tlog
D:\编译\Compiler\Compiler\Debug\link.2804-cvtres.write.1.tlog
D:\编译\Compiler\Compiler\Debug\link.2804-rc.read.1.tlog
D:\编译\Compiler\Compiler\Debug\link.2804-rc.write.1.tlog
D:\编译\Compiler\Compiler\Debug\link.2804.read.1.tlog
D:\编译\Compiler\Compiler\Debug\link.2804.write.1.tlog
D:\编译\Compiler\Compiler\Debug\link.3460-cvtres.read.1.tlog
D:\编译\Compiler\Compiler\Debug\link.3460-cvtres.write.1.tlog
D:\编译\Compiler\Compiler\Debug\link.3460-rc.read.1.tlog
D:\编译\Compiler\Compiler\Debug\link.3460-rc.write.1.tlog
D:\编译\Compiler\Compiler\Debug\link.3460.read.1.tlog
D:\编译\Compiler\Compiler\Debug\link.3460.write.1.tlog
D:\编译\Compiler\Compiler\Debug\link.3856-cvtres.read.1.tlog
D:\编译\Compiler\Compiler\Debug\link.3856-cvtres.write.1.tlog
D:\编译\Compiler\Compiler\Debug\link.3856-rc.read.1.tlog
D:\编译\Compiler\Compiler\Debug\link.3856-rc.write.1.tlog
D:\编译\Compiler\Compiler\Debug\link.3856.read.1.tlog
D:\编译\Compiler\Compiler\Debug\link.3856.write.1.tlog
D:\编译\Compiler\Compiler\Debug\link.4208-cvtres.read.1.tlog
D:\编译\Compiler\Compiler\Debug\link.4208-cvtres.write.1.tlog
D:\编译\Compiler\Compiler\Debug\link.4208-rc.read.1.tlog
D:\编译\Compiler\Compiler\Debug\link.4208-rc.write.1.tlog
D:\编译\Compiler\Compiler\Debug\link.4208.read.1.tlog
D:\编译\Compiler\Compiler\Debug\link.4208.write.1.tlog
D:\编译\Compiler\Compiler\Debug\link.4212-cvtres.read.1.tlog
D:\编译\Compiler\Compiler\Debug\link.4212-cvtres.write.1.tlog
D:\编译\Compiler\Compiler\Debug\link.4212-rc.read.1.tlog
D:\编译\Compiler\Compiler\Debug\link.4212-rc.write.1.tlog
D:\编译\Compiler\Compiler\Debug\link.4212.read.1.tlog
D:\编译\Compiler\Compiler\Debug\link.4212.write.1.tlog
D:\编译\Compiler\Compiler\Debug\link.4356-cvtres.read.1.tlog
D:\编译\Compiler\Compiler\Debug\link.4356-cvtres.write.1.tlog
D:\编译\Compiler\Compiler\Debug\link.4356-rc.read.1.tlog
D:\编译\Compiler\Compiler\Debug\link.4356-rc.write.1.tlog
D:\编译\Compiler\Compiler\Debug\link.4356.read.1.tlog
D:\编译\Compiler\Compiler\Debug\link.4356.write.1.tlog
D:\编译\Compiler\Compiler\Debug\link.4532-cvtres.read.1.tlog
D:\编译\Compiler\Compiler\Debug\link.4532-cvtres.write.1.tlog
D:\编译\Compiler\Compiler\Debug\link.4532-rc.read.1.tlog
D:\编译\Compiler\Compiler\Debug\link.4532-rc.write.1.tlog
D:\编译\Compiler\Compiler\Debug\link.4532.read.1.tlog
D:\编译\Compiler\Compiler\Debug\link.4532.write.1.tlog
D:\编译\Compiler\Compiler\Debug\link.4796-cvtres.read.1.tlog
D:\编译\Compiler\Compiler\Debug\link.4796-cvtres.write.1.tlog
D:\编译\Compiler\Compiler\Debug\link.4796-rc.read.1.tlog
D:\编译\Compiler\Compiler\Debug\link.4796-rc.write.1.tlog
D:\编译\Compiler\Compiler\Debug\link.4796.read.1.tlog
D:\编译\Compiler\Compiler\Debug\link.4796.write.1.tlog
D:\编译\Compiler\Compiler\Debug\link.4980-cvtres.read.1.tlog
D:\编译\Compiler\Compiler\Debug\link.4980-cvtres.write.1.tlog
D:\编译\Compiler\Compiler\Debug\link.4980-rc.read.1.tlog
D:\编译\Compiler\Compiler\Debug\link.4980-rc.write.1.tlog
D:\编译\Compiler\Compiler\Debug\link.4980.read.1.tlog
D:\编译\Compiler\Compiler\Debug\link.4980.write.1.tlog
D:\编译\Compiler\Compiler\Debug\link.5004-cvtres.read.1.tlog
D:\编译\Compiler\Compiler\Debug\link.5004-cvtres.write.1.tlog
D:\编译\Compiler\Compiler\Debug\link.5004-rc.read.1.tlog
D:\编译\Compiler\Compiler\Debug\link.5004-rc.write.1.tlog
D:\编译\Compiler\Compiler\Debug\link.5004.read.1.tlog
D:\编译\Compiler\Compiler\Debug\link.5004.write.1.tlog
D:\编译\Compiler\Compiler\Debug\link.5008-cvtres.read.1.tlog
D:\编译\Compiler\Compiler\Debug\link.5008-cvtres.write.1.tlog
D:\编译\Compiler\Compiler\Debug\link.5008-rc.read.1.tlog
D:\编译\Compiler\Compiler\Debug\link.5008-rc.write.1.tlog
D:\编译\Compiler\Compiler\Debug\link.5008.read.1.tlog
D:\编译\Compiler\Compiler\Debug\link.5008.write.1.tlog
D:\编译\Compiler\Compiler\Debug\link.5024-cvtres.read.1.tlog
D:\编译\Compiler\Compiler\Debug\link.5024-cvtres.write.1.tlog
D:\编译\Compiler\Compiler\Debug\link.5024-rc.read.1.tlog
D:\编译\Compiler\Compiler\Debug\link.5024-rc.write.1.tlog
D:\编译\Compiler\Compiler\Debug\link.5024.read.1.tlog
D:\编译\Compiler\Compiler\Debug\link.5024.write.1.tlog
D:\编译\Compiler\Compiler\Debug\link.5316-cvtres.read.1.tlog
D:\编译\Compiler\Compiler\Debug\link.5316-cvtres.write.1.tlog
D:\编译\Compiler\Compiler\Debug\link.5316-rc.read.1.tlog
D:\编译\Compiler\Compiler\Debug\link.5316-rc.write.1.tlog
D:\编译\Compiler\Compiler\Debug\link.5316.read.1.tlog
D:\编译\Compiler\Compiler\Debug\link.5316.write.1.tlog
D:\编译\Compiler\Compiler\Debug\link.5480-cvtres.read.1.tlog
D:\编译\Compiler\Compiler\Debug\link.5480-cvtres.write.1.tlog
D:\编译\Compiler\Compiler\Debug\link.5480-rc.read.1.tlog
D:\编译\Compiler\Compiler\Debug\link.5480-rc.write.1.tlog
D:\编译\Compiler\Compiler\Debug\link.5480.read.1.tlog
D:\编译\Compiler\Compiler\Debug\link.5480.write.1.tlog
D:\编译\Compiler\Compiler\Debug\link.5836-cvtres.read.1.tlog
D:\编译\Compiler\Compiler\Debug\link.5836-cvtres.write.1.tlog
D:\编译\Compiler\Compiler\Debug\link.5836-rc.read.1.tlog
D:\编译\Compiler\Compiler\Debug\link.5836-rc.write.1.tlog
D:\编译\Compiler\Compiler\Debug\link.5836.read.1.tlog
D:\编译\Compiler\Compiler\Debug\link.5836.write.1.tlog
D:\编译\Compiler\Compiler\Debug\link.5844-cvtres.read.1.tlog
D:\编译\Compiler\Compiler\Debug\link.5844-cvtres.write.1.tlog
D:\编译\Compiler\Compiler\Debug\link.5844-rc.read.1.tlog
D:\编译\Compiler\Compiler\Debug\link.5844-rc.write.1.tlog
D:\编译\Compiler\Compiler\Debug\link.5844.read.1.tlog
D:\编译\Compiler\Compiler\Debug\link.5844.write.1.tlog
D:\编译\Compiler\Compiler\Debug\link.6320-cvtres.read.1.tlog
D:\编译\Compiler\Compiler\Debug\link.6320-cvtres.write.1.tlog
D:\编译\Compiler\Compiler\Debug\link.6320-rc.read.1.tlog
D:\编译\Compiler\Compiler\Debug\link.6320-rc.write.1.tlog
D:\编译\Compiler\Compiler\Debug\link.6320.read.1.tlog
D:\编译\Compiler\Compiler\Debug\link.6320.write.1.tlog
D:\编译\Compiler\Compiler\Debug\link.6360-cvtres.read.1.tlog
D:\编译\Compiler\Compiler\Debug\link.6360-cvtres.write.1.tlog
D:\编译\Compiler\Compiler\Debug\link.6360-rc.read.1.tlog
D:\编译\Compiler\Compiler\Debug\link.6360-rc.write.1.tlog
D:\编译\Compiler\Compiler\Debug\link.6360.read.1.tlog
D:\编译\Compiler\Compiler\Debug\link.6360.write.1.tlog
D:\编译\Compiler\Compiler\Debug\link.6432-cvtres.read.1.tlog
D:\编译\Compiler\Compiler\Debug\link.6432-cvtres.write.1.tlog
D:\编译\Compiler\Compiler\Debug\link.6432-rc.read.1.tlog
D:\编译\Compiler\Compiler\Debug\link.6432-rc.write.1.tlog
D:\编译\Compiler\Compiler\Debug\link.6432.read.1.tlog
D:\编译\Compiler\Compiler\Debug\link.6432.write.1.tlog
D:\编译\Compiler\Compiler\Debug\link.6808-cvtres.read.1.tlog
D:\编译\Compiler\Compiler\Debug\link.6808-cvtres.write.1.tlog
D:\编译\Compiler\Compiler\Debug\link.6808-rc.read.1.tlog
D:\编译\Compiler\Compiler\Debug\link.6808-rc.write.1.tlog
D:\编译\Compiler\Compiler\Debug\link.6808.read.1.tlog
D:\编译\Compiler\Compiler\Debug\link.6808.write.1.tlog
D:\编译\Compiler\Compiler\Debug\link.6888-cvtres.read.1.tlog
D:\编译\Compiler\Compiler\Debug\link.6888-cvtres.write.1.tlog
D:\编译\Compiler\Compiler\Debug\link.6888-rc.read.1.tlog
D:\编译\Compiler\Compiler\Debug\link.6888-rc.write.1.tlog
D:\编译\Compiler\Compiler\Debug\link.6888.read.1.tlog
D:\编译\Compiler\Compiler\Debug\link.6888.write.1.tlog
D:\编译\Compiler\Compiler\Debug\link.7884-cvtres.read.1.tlog
D:\编译\Compiler\Compiler\Debug\link.7884-cvtres.write.1.tlog
D:\编译\Compiler\Compiler\Debug\link.7884-rc.read.1.tlog
D:\编译\Compiler\Compiler\Debug\link.7884-rc.write.1.tlog
D:\编译\Compiler\Compiler\Debug\link.7884.read.1.tlog
D:\编译\Compiler\Compiler\Debug\link.7884.write.1.tlog
D:\编译\Compiler\Compiler\Debug\link.8016-cvtres.read.1.tlog
D:\编译\Compiler\Compiler\Debug\link.8016-cvtres.write.1.tlog
D:\编译\Compiler\Compiler\Debug\link.8016-rc.read.1.tlog
D:\编译\Compiler\Compiler\Debug\link.8016-rc.write.1.tlog
D:\编译\Compiler\Compiler\Debug\link.8016.read.1.tlog
D:\编译\Compiler\Compiler\Debug\link.8016.write.1.tlog
D:\编译\Compiler\Compiler\Debug\link.9940-cvtres.read.1.tlog
D:\编译\Compiler\Compiler\Debug\link.9940-cvtres.write.1.tlog
D:\编译\Compiler\Compiler\Debug\link.9940-rc.read.1.tlog
D:\编译\Compiler\Compiler\Debug\link.9940-rc.write.1.tlog
D:\编译\Compiler\Compiler\Debug\link.9940.read.1.tlog
D:\编译\Compiler\Compiler\Debug\link.9940.write.1.tlog
D:\编译\Compiler\Compiler\Debug\link.command.1.tlog
D:\编译\Compiler\Compiler\Debug\link.read.1.tlog
D:\编译\Compiler\Compiler\Debug\link.write.1.tlog
D:\编译\Compiler\Compiler\Debug\vc110.idb
D:\编译\Compiler\Compiler\Debug\vc110.pdb
D:\编译\Compiler\Debug\Compiler.pdb
D:\编译\Compiler\Debug\Compiler.exe
D:\编译\Compiler\Debug\Compiler.ilk
